<?xml version="1.0" encoding="UTF-8"?>
<!-- Generated by org.testng.reporters.JUnitReportReporter -->
<testsuite skipped="0" hostname="SENTHILKUMAR" name="com.testng.Paralleltest" tests="3" failures="0" timestamp="2023-03-07T07:20:51 IST" time="93.257" errors="0">
  <testcase name="line1" time="9.754" classname="com.testng.Paralleltest"/>
  <system-out/>
  <testcase name="line3" time="21.643" classname="com.testng.Paralleltest"/>
  <system-out/>
  <testcase name="line2" time="61.860" classname="com.testng.Paralleltest"/>
  <system-out/>
</testsuite> <!-- com.testng.Paralleltest -->
