<?xml version="1.0" encoding="UTF-8"?>
<!-- Generated by org.testng.reporters.JUnitReportReporter -->
<testsuite skipped="0" hostname="SENTHILKUMAR" name="com.testng.ExpectedExpection" tests="2" failures="0" timestamp="2023-01-25T13:42:59 IST" time="0.012" errors="0">
  <testcase name="gust" time="0.010" classname="com.testng.ExpectedExpection"/>
  <system-out/>
  <testcase name="hust" time="0.002" classname="com.testng.ExpectedExpection"/>
  <system-out/>
</testsuite> <!-- com.testng.ExpectedExpection -->
