<?xml version="1.0" encoding="UTF-8"?>
<!-- Generated by org.testng.reporters.JUnitReportReporter -->
<testsuite skipped="0" hostname="SENTHILKUMAR" name="com.testng.Crossbrowser" tests="2" failures="0" timestamp="2023-01-30T12:15:47 IST" time="10.091" errors="0">
  <testcase name="line1" time="4.085" classname="com.testng.Crossbrowser"/>
  <system-out/>
  <testcase name="line2" time="6.006" classname="com.testng.Crossbrowser"/>
  <system-out/>
</testsuite> <!-- com.testng.Crossbrowser -->
