<?xml version="1.0" encoding="UTF-8"?>
<!-- Generated by org.testng.reporters.JUnitReportReporter -->
<testsuite skipped="0" hostname="SENTHILKUMAR" name="com.testng.Invocationcount" tests="8" failures="0" timestamp="2023-03-04T09:40:58 IST" time="0.005" errors="0">
  <testcase name="frand" time="0.000" classname="com.testng.Invocationcount"/>
  <system-out/>
  <testcase name="frand" time="0.000" classname="com.testng.Invocationcount"/>
  <system-out/>
  <testcase name="frand" time="0.001" classname="com.testng.Invocationcount"/>
  <system-out/>
  <testcase name="frand" time="0.000" classname="com.testng.Invocationcount"/>
  <system-out/>
  <testcase name="setpro" time="0.000" classname="com.testng.Invocationcount"/>
  <system-out/>
  <testcase name="frand" time="0.001" classname="com.testng.Invocationcount"/>
  <system-out/>
  <testcase name="hammer" time="0.002" classname="com.testng.Invocationcount"/>
  <system-out/>
  <testcase name="hand" time="0.001" classname="com.testng.Invocationcount"/>
  <system-out/>
</testsuite> <!-- com.testng.Invocationcount -->
