<?xml version="1.0" encoding="UTF-8"?>
<!-- Generated by org.testng.reporters.JUnitReportReporter -->
<testsuite skipped="0" hostname="SENTHILKUMAR" name="com.testng.Timeout" tests="2" failures="0" timestamp="2023-01-25T13:45:32 IST" time="4.026" errors="0">
  <testcase name="browser" time="0.013" classname="com.testng.Timeout"/>
  <system-out/>
  <testcase name="drivers" time="4.013" classname="com.testng.Timeout"/>
  <system-out/>
</testsuite> <!-- com.testng.Timeout -->
