<?xml version="1.0" encoding="UTF-8"?>
<!-- Generated by org.testng.reporters.JUnitReportReporter -->
<testsuite skipped="0" hostname="SENTHILKUMAR" name="com.testng.Priority_test" tests="5" failures="0" timestamp="2023-01-25T13:35:28 IST" time="0.015" errors="0">
  <testcase name="polite" time="0.009" classname="com.testng.Priority_test"/>
  <system-out/>
  <testcase name="simpl" time="0.003" classname="com.testng.Priority_test"/>
  <system-out/>
  <testcase name="police" time="0.000" classname="com.testng.Priority_test"/>
  <system-out/>
  <testcase name="logo" time="0.002" classname="com.testng.Priority_test"/>
  <system-out/>
  <testcase name="prid" time="0.001" classname="com.testng.Priority_test"/>
  <system-out/>
</testsuite> <!-- com.testng.Priority_test -->
