<?xml version="1.0" encoding="UTF-8"?>
<!-- Generated by org.testng.reporters.JUnitReportReporter -->
<testsuite skipped="0" hostname="SENTHILKUMAR" name="com.testng.Parameterized_test" tests="1" failures="0" timestamp="2023-01-26T11:05:15 IST" time="0.012" errors="0">
  <testcase name="credentials" time="0.012" classname="com.testng.Parameterized_test"/>
  <system-out/>
</testsuite> <!-- com.testng.Parameterized_test -->
