<?xml version="1.0" encoding="UTF-8"?>
<!-- Generated by org.testng.reporters.JUnitReportReporter -->
<testsuite skipped="0" hostname="SENTHILKUMAR" name="com.testng.Grouping_test" tests="5" failures="0" timestamp="2023-03-04T10:20:14 IST" time="0.015" errors="0">
  <testcase name="drug" time="0.011" classname="com.testng.Grouping_test"/>
  <system-out/>
  <testcase name="pass" time="0.001" classname="com.testng.Grouping_test"/>
  <system-out/>
  <testcase name="plugi" time="0.001" classname="com.testng.Grouping_test"/>
  <system-out/>
  <testcase name="user" time="0.001" classname="com.testng.Grouping_test"/>
  <system-out/>
  <testcase name="log" time="0.001" classname="com.testng.Grouping_test"/>
  <system-out/>
</testsuite> <!-- com.testng.Grouping_test -->
