<?xml version="1.0" encoding="UTF-8"?>
<!-- Generated by org.testng.reporters.JUnitReportReporter -->
<testsuite skipped="0" hostname="SENTHILKUMAR" name="com.testng.Dependency" tests="4" failures="0" timestamp="2023-01-25T13:42:32 IST" time="0.013" errors="0">
  <testcase name="systemSet" time="0.002" classname="com.testng.Dependency"/>
  <system-out/>
  <testcase name="dropdown" time="0.009" classname="com.testng.Dependency"/>
  <system-out/>
  <testcase name="actions" time="0.001" classname="com.testng.Dependency"/>
  <system-out/>
  <testcase name="frames" time="0.001" classname="com.testng.Dependency"/>
  <system-out/>
</testsuite> <!-- com.testng.Dependency -->
