<?xml version="1.0" encoding="UTF-8"?>
<!-- Generated by org.testng.reporters.JUnitReportReporter -->
<testsuite skipped="0" hostname="SENTHILKUMAR" name="com.testng.Groupofgroup" tests="7" failures="0" timestamp="2023-01-25T13:44:24 IST" time="0.017" errors="0">
  <testcase name="soap" time="0.002" classname="com.testng.Groupofgroup"/>
  <system-out/>
  <testcase name="chicken" time="0.008" classname="com.testng.Groupofgroup"/>
  <system-out/>
  <testcase name="grill" time="0.001" classname="com.testng.Groupofgroup"/>
  <system-out/>
  <testcase name="mutton" time="0.001" classname="com.testng.Groupofgroup"/>
  <system-out/>
  <testcase name="wynk" time="0.001" classname="com.testng.Groupofgroup"/>
  <system-out/>
  <testcase name="lyric" time="0.003" classname="com.testng.Groupofgroup"/>
  <system-out/>
  <testcase name="statues" time="0.001" classname="com.testng.Groupofgroup"/>
  <system-out/>
</testsuite> <!-- com.testng.Groupofgroup -->
