<?xml version="1.0" encoding="UTF-8"?>
<!-- Generated by org.testng.reporters.JUnitReportReporter -->
<testsuite skipped="1" hostname="SENTHILKUMAR" name="com.testng.Ignore_test" tests="5" failures="0" timestamp="2023-03-04T09:40:58 IST" time="0.008" errors="0">
  <testcase name="actions" time="0.005" classname="com.testng.Ignore_test"/>
  <system-out/>
  <testcase name="multipoledropdown" time="0.001" classname="com.testng.Ignore_test"/>
  <system-out/>
  <testcase name="alert" time="0.001" classname="com.testng.Ignore_test"/>
  <system-out/>
  <testcase name="systemSet" time="0.001" classname="com.testng.Ignore_test"/>
  <system-out/>
  <testcase name="frames" classname="com.testng.Ignore_test">
    <skipped/>
  </testcase> <!-- frames -->
  <system-out/>
</testsuite> <!-- com.testng.Ignore_test -->
