<?xml version="1.0" encoding="UTF-8"?>
<!-- Generated by org.testng.reporters.JUnitReportReporter -->
<testsuite skipped="0" hostname="SENTHILKUMAR" name="com.testng.SimpleAnnotations" tests="1" failures="0" timestamp="2023-03-04T09:40:58 IST" time="0.002" errors="0">
  <testcase name="dropdown" time="0.002" classname="com.testng.SimpleAnnotations"/>
  <system-out/>
</testsuite> <!-- com.testng.SimpleAnnotations -->
